<?xml version="1.0" encoding="UTF-8"?>
<!-- Generated by org.testng.reporters.JUnitXMLReporter -->
<testsuite ignored="0" hostname="Chandra" failures="0" tests="8" name="Test" time="67.226" errors="0" timestamp="2025-08-17T18:41:22 PDT">
  <testcase classname="com.qa.Tests.LoginTest" name="onionToolWebTitle" time="0.248"/>
  <testcase classname="com.qa.Tests.LoginTest" name="forgotPasswordLinkExists" time="0.595"/>
  <testcase classname="com.qa.Tests.LoginTest" name="userLoginTest" time="3.511"/>
  <testcase classname="com.qa.Tests.AllControlsLogin" name="inputSimpleControls" time="1.03"/>
  <testcase classname="com.qa.Tests.AllControlsDashboardTest" name="Login" time="0.784"/>
  <testcase classname="com.qa.Tests.AllControlsDashboardTest" name="inputDiffControls" time="4.268"/>
  <testcase classname="com.qa.Tests.AllControlsDashboardTest" name="inputDiffControls" time="3.573"/>
  <testcase classname="com.qa.Tests.AllControlsDashboardTest" name="inputDiffControls" time="3.859"/>
</testsuite> <!-- Test -->
